<?xml version="1.0" encoding="UTF-8"?>
<!-- Generated by org.testng.reporters.JUnitReportReporter -->
<testsuite hostname="DESKTOP-AJ4Q4A9" failures="0" tests="7" name="org.api.test.BookingApiTest" time="6.343" errors="0" timestamp="2021-09-06T23:24:59 CEST" skipped="0">
  <testcase classname="org.api.test.BookingApiTest" name="testCreateBookingEndpoint" time="2.372"/>
  <system-out/>
  <testcase classname="org.api.test.BookingApiTest" name="testGetBookingByIdEndpoint" time="0.659"/>
  <system-out/>
  <testcase classname="org.api.test.BookingApiTest" name="testGetBookingByIdResponse" time="0.754"/>
  <system-out/>
  <testcase classname="org.api.test.BookingApiTest" name="testPartialUpdateBooking" time="0.643"/>
  <system-out/>
  <testcase classname="org.api.test.BookingApiTest" name="testGetBookingIdswithoutParameters" time="0.643"/>
  <system-out/>
  <testcase classname="org.api.test.BookingApiTest" name="testGetBookingIdswithParameters" time="0.647"/>
  <system-out/>
  <testcase classname="org.api.test.BookingApiTest" name="testDeleteEndpoint" time="0.625"/>
  <system-out/>
</testsuite> <!-- org.api.test.BookingApiTest -->
