<?xml version="1.0" encoding="UTF-8"?>
<!-- Generated by org.testng.reporters.JUnitReportReporter -->
<testsuite hostname="LAPTOP-42DKSHLN" failures="0" tests="7" name="org.api.test.BookingApiTest" time="5.456" errors="0" timestamp="05 Sep 2021 21:57:06 GMT" skipped="0">
  <testcase classname="org.api.test.BookingApiTest" name="testCreateBookingEndpoint" time="1.845"/>
  <testcase classname="org.api.test.BookingApiTest" name="testGetBookingByIdEndpoint" time="0.648"/>
  <testcase classname="org.api.test.BookingApiTest" name="testGetBookingByIdResponse" time="0.655"/>
  <testcase classname="org.api.test.BookingApiTest" name="testPartialUpdateBooking" time="0.517"/>
  <testcase classname="org.api.test.BookingApiTest" name="testGetBookingIdswithoutParameters" time="0.527"/>
  <testcase classname="org.api.test.BookingApiTest" name="testGetBookingIdswithParameters" time="0.655"/>
  <testcase classname="org.api.test.BookingApiTest" name="testDeleteEndpoint" time="0.609"/>
</testsuite> <!-- org.api.test.BookingApiTest -->
