<?xml version="1.0" encoding="UTF-8"?>
<!-- Generated by org.testng.reporters.JUnitReportReporter -->
<testsuite hostname="DESKTOP-AJ4Q4A9" failures="0" tests="1" name="org.payconiq.test.BookingApiTest" time="1.164" errors="0" timestamp="2021-09-03T20:41:27 CEST" skipped="0">
  <testcase classname="org.payconiq.test.BookingApiTest" name="testDeleteEndpoint" time="1.164"/>
  <system-out/>
</testsuite> <!-- org.payconiq.test.BookingApiTest -->
