<?xml version="1.0" encoding="UTF-8"?>
<!-- Generated by org.testng.reporters.JUnitReportReporter -->
<testsuite hostname="DESKTOP-AJ4Q4A9" failures="0" tests="5" name="org.payconiq.test.BookingApiTest" time="4.017" errors="0" timestamp="2021-09-05T21:46:22 CEST" skipped="0">
  <testcase classname="org.payconiq.test.BookingApiTest" name="testCreateBookingEndpoint" time="1.642"/>
  <system-out/>
  <testcase classname="org.payconiq.test.BookingApiTest" name="testGetBookingByIdEndpoint" time="0.606"/>
  <system-out/>
  <testcase classname="org.payconiq.test.BookingApiTest" name="testGetBookingByIdResponse" time="0.604"/>
  <system-out/>
  <testcase classname="org.payconiq.test.BookingApiTest" name="testPartialUpdateBooking" time="0.598"/>
  <system-out/>
  <testcase classname="org.payconiq.test.BookingApiTest" name="testDeleteEndpoint" time="0.567"/>
  <system-out/>
</testsuite> <!-- org.payconiq.test.BookingApiTest -->
