<?xml version="1.0" encoding="UTF-8"?>
<!-- Generated by org.testng.reporters.JUnitReportReporter -->
<testsuite hostname="DESKTOP-AJ4Q4A9" failures="0" tests="2" name="org.payconiq.test.BookingApiTest" time="5.597" errors="0" timestamp="2021-09-03T16:27:50 CEST" skipped="0">
  <testcase classname="org.payconiq.test.BookingApiTest" name="testGetBookingByIdEndpoint" time="0.610"/>
  <system-out/>
  <testcase classname="org.payconiq.test.BookingApiTest" name="testCreateBookingEndpoint" time="4.987"/>
  <system-out/>
</testsuite> <!-- org.payconiq.test.BookingApiTest -->
