<?xml version="1.0" encoding="UTF-8"?>
<!-- Generated by org.testng.reporters.JUnitReportReporter -->
<testsuite hostname="DESKTOP-AJ4Q4A9" failures="0" tests="7" name="org.payconiq.test.BookingApiTest" time="6.306" errors="0" timestamp="2021-09-05T23:08:05 CEST" skipped="0">
  <testcase classname="org.payconiq.test.BookingApiTest" name="testCreateBookingEndpoint" time="2.683"/>
  <system-out/>
  <testcase classname="org.payconiq.test.BookingApiTest" name="testGetBookingByIdEndpoint" time="0.628"/>
  <system-out/>
  <testcase classname="org.payconiq.test.BookingApiTest" name="testGetBookingByIdResponse" time="0.636"/>
  <system-out/>
  <testcase classname="org.payconiq.test.BookingApiTest" name="testPartialUpdateBooking" time="0.617"/>
  <system-out/>
  <testcase classname="org.payconiq.test.BookingApiTest" name="testGetBookingIdswithoutParameters" time="0.580"/>
  <system-out/>
  <testcase classname="org.payconiq.test.BookingApiTest" name="testGetBookingIdswithParameters" time="0.583"/>
  <system-out/>
  <testcase classname="org.payconiq.test.BookingApiTest" name="testDeleteEndpoint" time="0.579"/>
  <system-out/>
</testsuite> <!-- org.payconiq.test.BookingApiTest -->
